This is pdfTeX, Version 3.14159265-2.6-1.40.16 (MiKTeX 2.9 64-bit) (preloaded format=pdflatex 2017.8.8)  3 DEC 2017 16:08
entering extended mode
**./smoove.tex
(smoove.tex
LaTeX2e <2015/10/01> patch level 2
Babel <3.9m> and hyphenation patterns for 69 languages loaded.
("C:\Program Files\MiKTeX 2.9\tex\latex\base\article.cls"
Document Class: article 2014/09/29 v1.4h Standard LaTeX document class
("C:\Program Files\MiKTeX 2.9\tex\latex\base\size10.clo"
File: size10.clo 2014/09/29 v1.4h Standard LaTeX file (size option)
)
\c@part=\count79
\c@section=\count80
\c@subsection=\count81
\c@subsubsection=\count82
\c@paragraph=\count83
\c@subparagraph=\count84
\c@figure=\count85
\c@table=\count86
\abovecaptionskip=\skip41
\belowcaptionskip=\skip42
\bibindent=\dimen102
)
("C:\Program Files\MiKTeX 2.9\tex\latex\graphics\graphicx.sty"
Package: graphicx 2014/10/28 v1.0g Enhanced LaTeX Graphics (DPC,SPQR)

("C:\Program Files\MiKTeX 2.9\tex\latex\graphics\keyval.sty"
Package: keyval 2014/10/28 v1.15 key=value parser (DPC)
\KV@toks@=\toks14
)
("C:\Program Files\MiKTeX 2.9\tex\latex\graphics\graphics.sty"
Package: graphics 2014/10/28 v1.0p Standard LaTeX Graphics (DPC,SPQR)

("C:\Program Files\MiKTeX 2.9\tex\latex\graphics\trig.sty"
Package: trig 1999/03/16 v1.09 sin cos tan (DPC)
)
("C:\Program Files\MiKTeX 2.9\tex\latex\00miktex\graphics.cfg"
File: graphics.cfg 2007/01/18 v1.5 graphics configuration of teTeX/TeXLive
)
Package graphics Info: Driver file: pdftex.def on input line 94.

("C:\Program Files\MiKTeX 2.9\tex\latex\pdftex-def\pdftex.def"
File: pdftex.def 2011/05/27 v0.06d Graphics/color for pdfTeX

("C:\Program Files\MiKTeX 2.9\tex\generic\oberdiek\infwarerr.sty"
Package: infwarerr 2010/04/08 v1.3 Providing info/warning/error messages (HO)
)
("C:\Program Files\MiKTeX 2.9\tex\generic\oberdiek\ltxcmds.sty"
Package: ltxcmds 2011/11/09 v1.22 LaTeX kernel commands for general use (HO)
)
\Gread@gobject=\count87
))
\Gin@req@height=\dimen103
\Gin@req@width=\dimen104
)
("C:\Program Files\MiKTeX 2.9\tex\latex\graphics\color.sty"
Package: color 2014/10/28 v1.1a Standard LaTeX Color (DPC)

("C:\Program Files\MiKTeX 2.9\tex\latex\00miktex\color.cfg"
File: color.cfg 2007/01/18 v1.5 color configuration of teTeX/TeXLive
)
Package color Info: Driver file: pdftex.def on input line 142.
)
("C:\Program Files\MiKTeX 2.9\tex\latex\framed\framed.sty"
Package: framed 2011/10/22 v 0.96: framed or shaded text with page breaks
\OuterFrameSep=\skip43
\fb@frw=\dimen105
\fb@frh=\dimen106
\FrameRule=\dimen107
\FrameSep=\dimen108
)
("C:\Program Files\MiKTeX 2.9\tex\latex\base\alltt.sty"
Package: alltt 1997/06/16 v2.0g defines alltt environment
)
("C:\Program Files\MiKTeX 2.9\tex\latex\amsmath\amsmath.sty"
Package: amsmath 2013/01/14 v2.14 AMS math features
\@mathmargin=\skip44

For additional information on amsmath, use the `?' option.
("C:\Program Files\MiKTeX 2.9\tex\latex\amsmath\amstext.sty"
Package: amstext 2000/06/29 v2.01

("C:\Program Files\MiKTeX 2.9\tex\latex\amsmath\amsgen.sty"
File: amsgen.sty 1999/11/30 v2.0
\@emptytoks=\toks15
\ex@=\dimen109
))
("C:\Program Files\MiKTeX 2.9\tex\latex\amsmath\amsbsy.sty"
Package: amsbsy 1999/11/29 v1.2d
\pmbraise@=\dimen110
)
("C:\Program Files\MiKTeX 2.9\tex\latex\amsmath\amsopn.sty"
Package: amsopn 1999/12/14 v2.01 operator names
)
\inf@bad=\count88
LaTeX Info: Redefining \frac on input line 210.
\uproot@=\count89
\leftroot@=\count90
LaTeX Info: Redefining \overline on input line 306.
\classnum@=\count91
\DOTSCASE@=\count92
LaTeX Info: Redefining \ldots on input line 378.
LaTeX Info: Redefining \dots on input line 381.
LaTeX Info: Redefining \cdots on input line 466.
\Mathstrutbox@=\box26
\strutbox@=\box27
\big@size=\dimen111
LaTeX Font Info:    Redeclaring font encoding OML on input line 566.
LaTeX Font Info:    Redeclaring font encoding OMS on input line 567.
\macc@depth=\count93
\c@MaxMatrixCols=\count94
\dotsspace@=\muskip10
\c@parentequation=\count95
\dspbrk@lvl=\count96
\tag@help=\toks16
\row@=\count97
\column@=\count98
\maxfields@=\count99
\andhelp@=\toks17
\eqnshift@=\dimen112
\alignsep@=\dimen113
\tagshift@=\dimen114
\tagwidth@=\dimen115
\totwidth@=\dimen116
\lineht@=\dimen117
\@envbody=\toks18
\multlinegap=\skip45
\multlinetaggap=\skip46
\mathdisplay@stack=\toks19
LaTeX Info: Redefining \[ on input line 2665.
LaTeX Info: Redefining \] on input line 2666.
)
("C:\Program Files\MiKTeX 2.9\tex\latex\multirow\multirow.sty"
\bigstrutjot=\dimen118
)
("C:\Program Files\MiKTeX 2.9\tex\latex\setspace\setspace.sty"
Package: setspace 2011/12/19 v6.7a set line spacing
)
("C:\Program Files\MiKTeX 2.9\tex\latex\tools\multicol.sty"
Package: multicol 2015/08/19 v1.8n multicolumn formatting (FMi)
\c@tracingmulticols=\count100
\mult@box=\box28
\multicol@leftmargin=\dimen119
\c@unbalance=\count101
\c@collectmore=\count102
\doublecol@number=\count103
\multicoltolerance=\count104
\multicolpretolerance=\count105
\full@width=\dimen120
\page@free=\dimen121
\premulticols=\dimen122
\postmulticols=\dimen123
\multicolsep=\skip47
\multicolbaselineskip=\skip48
\partial@page=\box29
\last@line=\box30
\maxbalancingoverflow=\dimen124
\mult@rightbox=\box31
\mult@grightbox=\box32
\mult@gfirstbox=\box33
\mult@firstbox=\box34
\@tempa=\box35
\@tempa=\box36
\@tempa=\box37
\@tempa=\box38
\@tempa=\box39
\@tempa=\box40
\@tempa=\box41
\@tempa=\box42
\@tempa=\box43
\@tempa=\box44
\@tempa=\box45
\@tempa=\box46
\@tempa=\box47
\@tempa=\box48
\@tempa=\box49
\@tempa=\box50
\@tempa=\box51
\c@columnbadness=\count106
\c@finalcolumnbadness=\count107
\last@try=\dimen125
\multicolovershoot=\dimen126
\multicolundershoot=\dimen127
\mult@nat@firstbox=\box52
\colbreak@box=\box53
\mc@col@check@num=\count108
)
("C:\Program Files\MiKTeX 2.9\tex\latex\hyperref\hyperref.sty"
Package: hyperref 2012/11/06 v6.83m Hypertext links for LaTeX

("C:\Program Files\MiKTeX 2.9\tex\generic\oberdiek\hobsub-hyperref.sty"
Package: hobsub-hyperref 2012/04/25 v1.12 Bundle oberdiek, subset hyperref (HO)


("C:\Program Files\MiKTeX 2.9\tex\generic\oberdiek\hobsub-generic.sty"
Package: hobsub-generic 2012/04/25 v1.12 Bundle oberdiek, subset generic (HO)
Package: hobsub 2012/04/25 v1.12 Construct package bundles (HO)
Package hobsub Info: Skipping package `infwarerr' (already loaded).
Package hobsub Info: Skipping package `ltxcmds' (already loaded).
Package: ifluatex 2010/03/01 v1.3 Provides the ifluatex switch (HO)
Package ifluatex Info: LuaTeX not detected.
Package: ifvtex 2010/03/01 v1.5 Detect VTeX and its facilities (HO)
Package ifvtex Info: VTeX not detected.
Package: intcalc 2007/09/27 v1.1 Expandable calculations with integers (HO)
Package: ifpdf 2011/01/30 v2.3 Provides the ifpdf switch (HO)
Package ifpdf Info: pdfTeX in PDF mode is detected.
Package: etexcmds 2011/02/16 v1.5 Avoid name clashes with e-TeX commands (HO)
Package etexcmds Info: Could not find \expanded.
(etexcmds)             That can mean that you are not using pdfTeX 1.50 or
(etexcmds)             that some package has redefined \expanded.
(etexcmds)             In the latter case, load this package earlier.
Package: kvsetkeys 2012/04/25 v1.16 Key value parser (HO)
Package: kvdefinekeys 2011/04/07 v1.3 Define keys (HO)
Package: pdftexcmds 2011/11/29 v0.20 Utility functions of pdfTeX for LuaTeX (HO
)
Package pdftexcmds Info: LuaTeX not detected.
Package pdftexcmds Info: \pdf@primitive is available.
Package pdftexcmds Info: \pdf@ifprimitive is available.
Package pdftexcmds Info: \pdfdraftmode found.
Package: pdfescape 2011/11/25 v1.13 Implements pdfTeX's escape features (HO)
Package: bigintcalc 2012/04/08 v1.3 Expandable calculations on big integers (HO
)
Package: bitset 2011/01/30 v1.1 Handle bit-vector datatype (HO)
Package: uniquecounter 2011/01/30 v1.2 Provide unlimited unique counter (HO)
)
Package hobsub Info: Skipping package `hobsub' (already loaded).
Package: letltxmacro 2010/09/02 v1.4 Let assignment for LaTeX macros (HO)
Package: hopatch 2011/06/24 v1.1 Wrapper for package hooks (HO)
Package: xcolor-patch 2011/01/30 xcolor patch
Package: atveryend 2011/06/30 v1.8 Hooks at the very end of document (HO)
Package atveryend Info: \enddocument detected (standard20110627).
Package: atbegshi 2011/10/05 v1.16 At begin shipout hook (HO)
Package: refcount 2011/10/16 v3.4 Data extraction from label references (HO)
Package: hycolor 2011/01/30 v1.7 Color options for hyperref/bookmark (HO)
)
("C:\Program Files\MiKTeX 2.9\tex\generic\ifxetex\ifxetex.sty"
Package: ifxetex 2010/09/12 v0.6 Provides ifxetex conditional
)
("C:\Program Files\MiKTeX 2.9\tex\latex\oberdiek\auxhook.sty"
Package: auxhook 2011/03/04 v1.3 Hooks for auxiliary files (HO)
)
("C:\Program Files\MiKTeX 2.9\tex\latex\oberdiek\kvoptions.sty"
Package: kvoptions 2011/06/30 v3.11 Key value format for package options (HO)
)
\@linkdim=\dimen128
\Hy@linkcounter=\count109
\Hy@pagecounter=\count110

("C:\Program Files\MiKTeX 2.9\tex\latex\hyperref\pd1enc.def"
File: pd1enc.def 2012/11/06 v6.83m Hyperref: PDFDocEncoding definition (HO)
)
\Hy@SavedSpaceFactor=\count111

("C:\Program Files\MiKTeX 2.9\tex\latex\00miktex\hyperref.cfg"
File: hyperref.cfg 2002/06/06 v1.2 hyperref configuration of TeXLive
)
Package hyperref Info: Option `colorlinks' set `true' on input line 4319.
Package hyperref Info: Hyper figures OFF on input line 4443.
Package hyperref Info: Link nesting OFF on input line 4448.
Package hyperref Info: Hyper index ON on input line 4451.
Package hyperref Info: Plain pages OFF on input line 4458.
Package hyperref Info: Backreferencing OFF on input line 4463.
Package hyperref Info: Implicit mode ON; LaTeX internals redefined.
Package hyperref Info: Bookmarks ON on input line 4688.
\c@Hy@tempcnt=\count112

("C:\Program Files\MiKTeX 2.9\tex\latex\url\url.sty"
\Urlmuskip=\muskip11
Package: url 2013/09/16  ver 3.4  Verb mode for urls, etc.
)
LaTeX Info: Redefining \url on input line 5041.
\XeTeXLinkMargin=\dimen129
\Fld@menulength=\count113
\Field@Width=\dimen130
\Fld@charsize=\dimen131
Package hyperref Info: Hyper figures OFF on input line 6295.
Package hyperref Info: Link nesting OFF on input line 6300.
Package hyperref Info: Hyper index ON on input line 6303.
Package hyperref Info: backreferencing OFF on input line 6310.
Package hyperref Info: Link coloring ON on input line 6313.
Package hyperref Info: Link coloring with OCG OFF on input line 6320.
Package hyperref Info: PDF/A mode OFF on input line 6325.
LaTeX Info: Redefining \ref on input line 6365.
LaTeX Info: Redefining \pageref on input line 6369.
\Hy@abspage=\count114
\c@Item=\count115
\c@Hfootnote=\count116
)

Package hyperref Message: Driver (autodetected): hpdftex.

("C:\Program Files\MiKTeX 2.9\tex\latex\hyperref\hpdftex.def"
File: hpdftex.def 2012/11/06 v6.83m Hyperref driver for pdfTeX
\Fld@listcount=\count117
\c@bookmark@seq@number=\count118

("C:\Program Files\MiKTeX 2.9\tex\latex\oberdiek\rerunfilecheck.sty"
Package: rerunfilecheck 2011/04/15 v1.7 Rerun checks for auxiliary files (HO)
Package uniquecounter Info: New unique counter `rerunfilecheck' on input line 2
82.
)
\Hy@SectionHShift=\skip49
)
("C:\Program Files\MiKTeX 2.9\tex\latex\geometry\geometry.sty"
Package: geometry 2010/09/12 v5.6 Page Geometry
\Gm@cnth=\count119
\Gm@cntv=\count120
\c@Gm@tempcnt=\count121
\Gm@bindingoffset=\dimen132
\Gm@wd@mp=\dimen133
\Gm@odd@mp=\dimen134
\Gm@even@mp=\dimen135
\Gm@layoutwidth=\dimen136
\Gm@layoutheight=\dimen137
\Gm@layouthoffset=\dimen138
\Gm@layoutvoffset=\dimen139
\Gm@dimlist=\toks20

("C:\Program Files\MiKTeX 2.9\tex\latex\geometry\geometry.cfg"))
("C:\Program Files\MiKTeX 2.9\tex\latex\upquote\upquote.sty"
Package: upquote 2012/04/19 v1.3 upright-quote and grave-accent glyphs in verba
tim
) (smoove.aux)
\openout1 = `smoove.aux'.

LaTeX Font Info:    Checking defaults for OML/cmm/m/it on input line 86.
LaTeX Font Info:    ... okay on input line 86.
LaTeX Font Info:    Checking defaults for T1/cmr/m/n on input line 86.
LaTeX Font Info:    ... okay on input line 86.
LaTeX Font Info:    Checking defaults for OT1/cmr/m/n on input line 86.
LaTeX Font Info:    ... okay on input line 86.
LaTeX Font Info:    Checking defaults for OMS/cmsy/m/n on input line 86.
LaTeX Font Info:    ... okay on input line 86.
LaTeX Font Info:    Checking defaults for OMX/cmex/m/n on input line 86.
LaTeX Font Info:    ... okay on input line 86.
LaTeX Font Info:    Checking defaults for U/cmr/m/n on input line 86.
LaTeX Font Info:    ... okay on input line 86.
LaTeX Font Info:    Checking defaults for PD1/pdf/m/n on input line 86.
LaTeX Font Info:    ... okay on input line 86.

("C:\Program Files\MiKTeX 2.9\tex\context\base\supp-pdf.mkii"
[Loading MPS to PDF converter (version 2006.09.02).]
\scratchcounter=\count122
\scratchdimen=\dimen140
\scratchbox=\box54
\nofMPsegments=\count123
\nofMParguments=\count124
\everyMPshowfont=\toks21
\MPscratchCnt=\count125
\MPscratchDim=\dimen141
\MPnumerator=\count126
\makeMPintoPDFobject=\count127
\everyMPtoPDFconversion=\toks22
)
\AtBeginShipoutBox=\box55
Package hyperref Info: Link coloring ON on input line 86.
 ("C:\Program Files\MiKTeX 2.9\tex\latex\hyperref\nameref.sty"
Package: nameref 2012/10/27 v2.43 Cross-referencing by name of section

("C:\Program Files\MiKTeX 2.9\tex\generic\oberdiek\gettitlestring.sty"
Package: gettitlestring 2010/12/03 v1.4 Cleanup title references (HO)
)
\c@section@level=\count128
)
LaTeX Info: Redefining \ref on input line 86.
LaTeX Info: Redefining \pageref on input line 86.
LaTeX Info: Redefining \nameref on input line 86.

(smoove.out) (smoove.out)
\@outlinefile=\write3
\openout3 = `smoove.out'.


*geometry* driver: auto-detecting
*geometry* detected driver: pdftex
*geometry* verbose mode - [ preamble ] result:
* driver: pdftex
* paper: <default>
* layout: <same size as paper>
* layoutoffset:(h,v)=(0.0pt,0.0pt)
* modes: 
* h-part:(L,W,R)=(72.26999pt, 469.75502pt, 72.26999pt)
* v-part:(T,H,B)=(90.3375pt, 614.295pt, 90.3375pt)
* \paperwidth=614.295pt
* \paperheight=794.96999pt
* \textwidth=469.75502pt
* \textheight=614.295pt
* \oddsidemargin=0.0pt
* \evensidemargin=0.0pt
* \topmargin=-18.9325pt
* \headheight=12.0pt
* \headsep=25.0pt
* \topskip=10.0pt
* \footskip=30.0pt
* \marginparwidth=65.0pt
* \marginparsep=11.0pt
* \columnsep=10.0pt
* \skip\footins=9.0pt plus 4.0pt minus 2.0pt
* \hoffset=0.0pt
* \voffset=0.0pt
* \mag=1000
* \@twocolumnfalse
* \@twosidefalse
* \@mparswitchfalse
* \@reversemarginfalse
* (1in=72.27pt=25.4mm, 1cm=28.453pt)

(smoove.toc)
\tf@toc=\write4
\openout4 = `smoove.toc'.

 [1

{C:/Users/farid/AppData/Local/MiKTeX/2.9/pdftex/config/pdftex.map}]

Package amsmath Warning: Foreign command \over;
(amsmath)                \frac or \genfrac should be used instead
(amsmath)                 on input line 118.

[2]
Package color Info: Redefining color shadecolor on input line 141.
LaTeX Font Info:    Font shape `OT1/cmtt/bx/n' in size <9> not available
(Font)              Font shape `OT1/cmtt/m/n' tried instead on input line 143.
Package color Info: Redefining color shadecolor on input line 154.
Package color Info: Redefining color shadecolor on input line 167.
Package color Info: Redefining color shadecolor on input line 191.
 <figure/FirstPlot-1.pdf, id=101, 505.89pt x 216.81pt>
File: figure/FirstPlot-1.pdf Graphic file (type pdf)

<use figure/FirstPlot-1.pdf>
Package pdftex.def Info: figure/FirstPlot-1.pdf used on input line 198.
(pdftex.def)             Requested size: 419.75496pt x 179.8993pt.

Overfull \hbox (13.87491pt too wide) in paragraph at lines 198--199
[][] 
 []

[3]
Package color Info: Redefining color shadecolor on input line 204.
Package color Info: Redefining color shadecolor on input line 217.
Package color Info: Redefining color shadecolor on input line 232.
 <figure/ucvm_exact-1.pdf, id=106, 505.89pt x 289.08pt>
File: figure/ucvm_exact-1.pdf Graphic file (type pdf)

<use figure/ucvm_exact-1.pdf>
Package pdftex.def Info: figure/ucvm_exact-1.pdf used on input line 239.
(pdftex.def)             Requested size: 419.75496pt x 239.86575pt.

Overfull \hbox (13.87491pt too wide) in paragraph at lines 239--240
[][] 
 []

[4 <./figure/FirstPlot-1.pdf>]
Package color Info: Redefining color shadecolor on input line 244.
Package color Info: Redefining color shadecolor on input line 257.
Package color Info: Redefining color shadecolor on input line 279.
Package color Info: Redefining color shadecolor on input line 289.

<figure/plotRACVM-1.pdf, id=122, 505.89pt x 289.08pt>
File: figure/plotRACVM-1.pdf Graphic file (type pdf)

<use figure/plotRACVM-1.pdf>
Package pdftex.def Info: figure/plotRACVM-1.pdf used on input line 296.
(pdftex.def)             Requested size: 419.75496pt x 239.86575pt.

Overfull \hbox (13.87491pt too wide) in paragraph at lines 296--297
[][] 
 []

[5 <./figure/ucvm_exact-1.pdf>]
Package color Info: Redefining color shadecolor on input line 311.
Package color Info: Redefining color shadecolor on input line 323.
 [6 <./figure/plotRACVM-1.pdf>]
Package color Info: Redefining color shadecolor on input line 342.

<figure/EVAFplots-1.pdf, id=152, 505.89pt x 505.89pt>
File: figure/EVAFplots-1.pdf Graphic file (type pdf)

<use figure/EVAFplots-1.pdf>
Package pdftex.def Info: figure/EVAFplots-1.pdf used on input line 350.
(pdftex.def)             Requested size: 419.75496pt x 419.76508pt.

Overfull \hbox (13.87491pt too wide) in paragraph at lines 350--351
[][] 
 []

[7 <./figure/EVAFplots-1.pdf>]
Package color Info: Redefining color shadecolor on input line 370.

<figure/VAF1-1.pdf, id=168, 505.89pt x 289.08pt>
File: figure/VAF1-1.pdf Graphic file (type pdf)
 <use figure/VAF1-1.pdf>
Package pdftex.def Info: figure/VAF1-1.pdf used on input line 375.
(pdftex.def)             Requested size: 419.75496pt x 239.86575pt.

Overfull \hbox (13.87491pt too wide) in paragraph at lines 375--376
[][] 
 []

Package color Info: Redefining color shadecolor on input line 385.
[8 <./figure/VAF1-1.pdf>]
Package color Info: Redefining color shadecolor on input line 400.
Package color Info: Redefining color shadecolor on input line 414.
Package color Info: Redefining color shadecolor on input line 433.
 <figure/CRW-1.pdf, id=183, 505.89pt x 361.35pt>
File: figure/CRW-1.pdf Graphic file (type pdf)

<use figure/CRW-1.pdf>
Package pdftex.def Info: figure/CRW-1.pdf used on input line 441.
(pdftex.def)             Requested size: 289.07999pt x 206.48993pt.
 [9 <./figure/CRW-1.pdf>]
<figure/CRW-2.pdf, id=194, 505.89pt x 361.35pt>
File: figure/CRW-2.pdf Graphic file (type pdf)
 <use figure/CRW-2.pdf>
Package pdftex.def Info: figure/CRW-2.pdf used on input line 451.
(pdftex.def)             Requested size: 289.07999pt x 206.48993pt.
Package color Info: Redefining color shadecolor on input line 472.
Package color Info: Redefining color shadecolor on input line 486.
 [10 <./figure/CRW-2.pdf>]
Package color Info: Redefining color shadecolor on input line 504.
Package color Info: Redefining color shadecolor on input line 523.
 [11]
Package color Info: Redefining color shadecolor on input line 560.
Package color Info: Redefining color shadecolor on input line 602.
 [12]
Package color Info: Redefining color shadecolor on input line 615.
 <figure/ucvm-1.pdf, id=218, 505.89pt x 505.89pt>
File: figure/ucvm-1.pdf Graphic file (type pdf)

<use figure/ucvm-1.pdf>
Package pdftex.def Info: figure/ucvm-1.pdf used on input line 616.
(pdftex.def)             Requested size: 167.89941pt x 167.9014pt.
Package color Info: Redefining color shadecolor on input line 622.

Overfull \hbox (12.7414pt too wide) in paragraph at lines 624--624
[][]\OT1/cmtt/m/n/9 with[][](ucvm,[] []estimateRACVM[][]([][]Z[][]=Z,[] []T[][]
=T,[] []compare.models[][]=[][]TRUE[][]))[][] 
 []


Overfull \hbox (88.34052pt too wide) in paragraph at lines 642--642
[]\OT1/cmtt/m/n/9 ##               eta       omega       mu.x       mu.y      t
au      rms[] 
 []


Overfull \hbox (88.34052pt too wide) in paragraph at lines 642--642
[]\OT1/cmtt/m/n/9 ## Estimate 1.706008  0.03174857  0.2129594 -1.0759083 3.5066
98 2.072366[] 
 []


Overfull \hbox (88.34052pt too wide) in paragraph at lines 642--642
[]\OT1/cmtt/m/n/9 ## CI.low   1.383267 -0.07776853 -0.4245069 -1.7133763 2.3888
03 1.633966[] 
 []


Overfull \hbox (88.34052pt too wide) in paragraph at lines 642--642
[]\OT1/cmtt/m/n/9 ## CI.high  2.028749  0.14126567  0.8504257 -0.4384404 5.1477
36 2.510766[] 
 []


Overfull \hbox (17.46634pt too wide) in paragraph at lines 642--642
[]\OT1/cmtt/m/n/9 ##         logLike k      AIC deltaAIC      BIC  deltaBIC[] 
 []


Overfull \hbox (17.46634pt too wide) in paragraph at lines 642--642
[]\OT1/cmtt/m/n/9 ## UCVM  -324.7869 2 653.5738 4.711784 663.3893  0.000000[] 
 []


Overfull \hbox (17.46634pt too wide) in paragraph at lines 642--642
[]\OT1/cmtt/m/n/9 ## ACVM  -320.4310 4 648.8620 0.000000 668.4930  5.103726[] 
 []


Overfull \hbox (17.46634pt too wide) in paragraph at lines 642--642
[]\OT1/cmtt/m/n/9 ## RCVM  -324.5393 3 655.0786 6.216608 669.8019  6.412580[] 
 []


Overfull \hbox (17.46634pt too wide) in paragraph at lines 642--642
[]\OT1/cmtt/m/n/9 ## RACVM -320.2632 5 650.5264 1.664399 675.0652 11.675880[] 
 []


Overfull \hbox (2.05553pt too wide) in paragraph at lines 613--646
$[]$ $[]$ 
 []

Package color Info: Redefining color shadecolor on input line 650.
Package color Info: Redefining color shadecolor on input line 672.
<figure/acvm-1.pdf, id=219, 505.89pt x 505.89pt>
File: figure/acvm-1.pdf Graphic file (type pdf)
 <use figure/acvm-1.pdf>
Package pdftex.def Info: figure/acvm-1.pdf used on input line 673.
(pdftex.def)             Requested size: 167.89941pt x 167.9014pt.
Package color Info: Redefining color shadecolor on input line 679.

Overfull \hbox (26.91623pt too wide) in paragraph at lines 700--700
[]\OT1/cmtt/m/n/9 ##               eta     mu.x        mu.y      tau      rms[]
 
 []


Overfull \hbox (26.91623pt too wide) in paragraph at lines 700--700
[]\OT1/cmtt/m/n/9 ## Estimate 1.870189 2.156809 -0.05208218 4.309585 2.896652[]
 
 []


Overfull \hbox (26.91623pt too wide) in paragraph at lines 700--700
[]\OT1/cmtt/m/n/9 ## CI.low   1.489074 1.377325 -0.82907917 2.853999 2.261046[]
 
 []


Overfull \hbox (26.91623pt too wide) in paragraph at lines 700--700
[]\OT1/cmtt/m/n/9 ## CI.high  2.251305 2.936293  0.72491482 6.507544 3.532257[]
 
 []


Overfull \hbox (22.19128pt too wide) in paragraph at lines 700--700
[]\OT1/cmtt/m/n/9 ##         logLike k      AIC   deltaAIC      BIC deltaBIC[] 

 []


Overfull \hbox (22.19128pt too wide) in paragraph at lines 700--700
[]\OT1/cmtt/m/n/9 ## UCVM  -309.3298 2 622.6595  9.2285851 632.4750 0.000000[] 

 []


Overfull \hbox (22.19128pt too wide) in paragraph at lines 700--700
[]\OT1/cmtt/m/n/9 ## ACVM  -303.1154 4 614.2309  0.7999298 633.8619 1.386855[] 

 []


Overfull \hbox (22.19128pt too wide) in paragraph at lines 700--700
[]\OT1/cmtt/m/n/9 ## RCVM  -308.8182 3 623.6364 10.2054900 638.3597 5.884660[] 

 []


Overfull \hbox (22.19128pt too wide) in paragraph at lines 700--700
[]\OT1/cmtt/m/n/9 ## RACVM -301.7155 5 613.4310  0.0000000 637.9697 5.494681[] 

 []


Overfull \hbox (2.05553pt too wide) in paragraph at lines 670--704
$[]$ $[]$ 
 []

[13 <./figure/ucvm-1.pdf>]
Package color Info: Redefining color shadecolor on input line 709.
 <figure/rcvm-1.pdf, id=235, 505.89pt x 505.89pt>
File: figure/rcvm-1.pdf Graphic file (type pdf)

<use figure/rcvm-1.pdf>
Package pdftex.def Info: figure/rcvm-1.pdf used on input line 710.
(pdftex.def)             Requested size: 167.89941pt x 167.9014pt.
Package color Info: Redefining color shadecolor on input line 716.

Overfull \hbox (50.54095pt too wide) in paragraph at lines 737--737
[]\OT1/cmtt/m/n/9 ##         logLike k       AIC     deltaAIC       BIC   delta
BIC[] 
 []


Overfull \hbox (50.54095pt too wide) in paragraph at lines 737--737
[]\OT1/cmtt/m/n/9 ## UCVM  -985.7452 2 1975.4905 1333.6818179 1985.3060 1328.77
406[] 
 []


Overfull \hbox (50.54095pt too wide) in paragraph at lines 737--737
[]\OT1/cmtt/m/n/9 ## ACVM  -985.7236 4 1979.4471 1337.6384656 1999.0782 1342.54
622[] 
 []


Overfull \hbox (50.54095pt too wide) in paragraph at lines 737--737
[]\OT1/cmtt/m/n/9 ## RCVM  -317.9043 3  641.8087    0.0000000  656.5319    0.00
000[] 
 []


Overfull \hbox (50.54095pt too wide) in paragraph at lines 737--737
[]\OT1/cmtt/m/n/9 ## RACVM -316.3394 5  642.6787    0.8700291  667.2175   10.68
554[] 
 []


Overfull \hbox (2.05553pt too wide) in paragraph at lines 707--741
$[]$ $[]$ 
 []

Package color Info: Redefining color shadecolor on input line 747.
<figure/racvm-1.pdf, id=236, 505.89pt x 505.89pt>
File: figure/racvm-1.pdf Graphic file (type pdf)
 <use figure/racvm-1.pdf>
Package pdftex.def Info: figure/racvm-1.pdf used on input line 748.
(pdftex.def)             Requested size: 167.89941pt x 167.9014pt.

Overfull \hbox (2.05554pt too wide) in paragraph at lines 745--749
 [][] 
 []

Package color Info: Redefining color shadecolor on input line 754.
LaTeX Font Info:    Font shape `OT1/cmtt/bx/n' in size <8> not available
(Font)              Font shape `OT1/cmtt/m/n' tried instead on input line 756.

Overfull \hbox (45.64874pt too wide) in paragraph at lines 775--775
[]\OT1/cmtt/m/n/8 ##               eta    omega     mu.x         mu.y       tau
      rms[] 
 []


Overfull \hbox (45.64874pt too wide) in paragraph at lines 775--775
[]\OT1/cmtt/m/n/8 ## Estimate 2.683952 1.957792 1.914226  0.006262927  8.871261
 3.304948[] 
 []


Overfull \hbox (45.64874pt too wide) in paragraph at lines 775--775
[]\OT1/cmtt/m/n/8 ## CI.low   1.908777 1.876463 1.822127 -0.085867701  4.952038
 2.672787[] 
 []


Overfull \hbox (45.64874pt too wide) in paragraph at lines 775--775
[]\OT1/cmtt/m/n/8 ## CI.high  3.459126 2.039121 2.006324  0.098393556 15.892301
 3.937109[] 
 []


Overfull \hbox (7.3982pt too wide) in paragraph at lines 775--775
[]\OT1/cmtt/m/n/8 ##          logLike k       AIC  deltaAIC       BIC  deltaBIC
[] 
 []


Overfull \hbox (7.3982pt too wide) in paragraph at lines 775--775
[]\OT1/cmtt/m/n/8 ## UCVM  -1085.4011 2 2174.8021 1501.5486 2184.6177 1486.8253
[] 
 []


Overfull \hbox (7.3982pt too wide) in paragraph at lines 775--775
[]\OT1/cmtt/m/n/8 ## ACVM  -1078.4676 4 2164.9353 1491.6817 2184.5663 1486.7740
[] 
 []


Overfull \hbox (7.3982pt too wide) in paragraph at lines 775--775
[]\OT1/cmtt/m/n/8 ## RCVM   -725.9937 3 1457.9873  784.7338 1472.7106  774.9182
[] 
 []


Overfull \hbox (7.3982pt too wide) in paragraph at lines 775--775
[]\OT1/cmtt/m/n/8 ## RACVM  -331.6268 5  673.2536    0.0000  697.7923    0.0000
[] 
 []


Overfull \hbox (2.05553pt too wide) in paragraph at lines 744--779
$[]$ $[]$ 
 []

[14 <./figure/acvm-1.pdf> <./figure/rcvm-1.pdf>]
Package color Info: Redefining color shadecolor on input line 789.

<figure/KestrelFlight-1.pdf, id=262, 433.62pt x 578.16pt>
File: figure/KestrelFlight-1.pdf Graphic file (type pdf)

<use figure/KestrelFlight-1.pdf>
Package pdftex.def Info: figure/KestrelFlight-1.pdf used on input line 795.
(pdftex.def)             Requested size: 216.81pt x 289.07928pt.
 [15 <./figure/racvm-1.pdf>]
Package color Info: Redefining color shadecolor on input line 807.

<figure/K1-1.pdf, id=279, 505.89pt x 289.08pt>
File: figure/K1-1.pdf Graphic file (type pdf)
 <use figure/K1-1.pdf>
Package pdftex.def Info: figure/K1-1.pdf used on input line 813.
(pdftex.def)             Requested size: 419.75496pt x 239.86575pt.

Overfull \hbox (13.87491pt too wide) in paragraph at lines 813--814
[][] 
 []

Package color Info: Redefining color shadecolor on input line 820.
[16 <./figure/KestrelFlight-1.pdf> <./figure/K1-1.pdf>]
Package color Info: Redefining color shadecolor on input line 848.

<figure/K1_sim-1.pdf, id=302, 505.89pt x 289.08pt>
File: figure/K1_sim-1.pdf Graphic file (type pdf)
 <use figure/K1_sim-1.pdf>
Package pdftex.def Info: figure/K1_sim-1.pdf used on input line 858.
(pdftex.def)             Requested size: 419.75496pt x 239.86575pt.

Overfull \hbox (13.87491pt too wide) in paragraph at lines 858--859
[][] 
 []

[17]
Package color Info: Redefining color shadecolor on input line 873.

Overfull \hbox (10.21504pt too wide) in paragraph at lines 876--876
[][]\OT1/cmtt/m/n/9 ucvm2[] []<-[] []simulateUCVM[][]([][]T[][]=[][]cumsum[][](
[][]rexp[][]([][]100[][])),[] []nu[][]=[][]2[][],[] []tau[][]=[][]10[][],[] []v
0[] []= ucvm1[][]$[][]V[[][]100[][]],[] []method[][]=[][]"exact"[][])[][] 
 []

<figure/TwoPhaseCVM-1.pdf, id=307, 505.89pt x 289.08pt>
File: figure/TwoPhaseCVM-1.pdf Graphic file (type pdf)

<use figure/TwoPhaseCVM-1.pdf>
Package pdftex.def Info: figure/TwoPhaseCVM-1.pdf used on input line 883.
(pdftex.def)             Requested size: 433.62pt x 247.7879pt.

Overfull \hbox (13.86504pt too wide) in paragraph at lines 883--884
 [][] 
 []

[18 <./figure/K1_sim-1.pdf>]
Package color Info: Redefining color shadecolor on input line 894.

<figure/unnamed-chunk-11-1.pdf, id=321, 505.89pt x 289.08pt>
File: figure/unnamed-chunk-11-1.pdf Graphic file (type pdf)

<use figure/unnamed-chunk-11-1.pdf>
Package pdftex.def Info: figure/unnamed-chunk-11-1.pdf used on input line 899.
(pdftex.def)             Requested size: 419.75496pt x 239.86575pt.

Overfull \hbox (13.87491pt too wide) in paragraph at lines 899--900
[][] 
 []

[19 <./figure/TwoPhaseCVM-1.pdf> <./figure/unnamed-chunk-11-1.pdf>]
Package color Info: Redefining color shadecolor on input line 923.
LaTeX Font Info:    Try loading font information for OMS+cmtt on input line 934
.

(C:/PROGRA~1/R/R-34~1.1/share/texmf/tex/latex\omscmtt.fd
File: omscmtt.fd 
)
LaTeX Font Info:    Font shape `OMS/cmtt/m/n' in size <9> not available
(Font)              Font shape `OMS/cmsy/m/n' tried instead on input line 934.
Package color Info: Redefining color shadecolor on input line 948.

Overfull \hbox (5.4901pt too wide) in paragraph at lines 951--951
[][]\OT1/cmtt/m/n/9 multicvm[] []<-[] []data.frame[][]([][]Z[] []= Z.raw,[] []T
[] []= T.raw)[[][]sample[][]([][]1[][]:[][]length[][](Z.raw),[] []400[][]),][] 
[]%>%[] []arrange[][](T)[][] 
 []

<figure/plotMulticvm__echo_-1-1.pdf, id=341, 505.89pt x 216.81pt>
File: figure/plotMulticvm__echo_-1-1.pdf Graphic file (type pdf)

<use figure/plotMulticvm__echo_-1-1.pdf>
Package pdftex.def Info: figure/plotMulticvm__echo_-1-1.pdf used on input line 
955.
(pdftex.def)             Requested size: 419.75496pt x 179.8993pt.

Overfull \hbox (13.87491pt too wide) in paragraph at lines 955--956
[][] 
 []

[20]
Package color Info: Redefining color shadecolor on input line 970.

Overfull \hbox (38.56471pt too wide) in paragraph at lines 974--974
[][]\OT1/cmtt/m/n/9 simSweep[] []<-[] []sweepRACVM[][]([][]Z[][]=Z,[] []T[][]=T
,[] []windowsize[] []=[] []80[][],[] []windowstep[] []=[] []5[][],[] []model[] 
[]=[] []"ACVM"[][],[] []progress[][]=[][]FALSE[][])[][] 
 []

Package color Info: Redefining color shadecolor on input line 982.

Overfull \hbox (48.0146pt too wide) in paragraph at lines 987--987
[][]\OT1/cmtt/m/n/9 simSweep[] []<-[] []sweepRACVM[][]([][]Z[][]=Z,[] []T[][]=T
,[] []windowsize[] []=[] []80[][],[] []windowstep[] []=[] []5[][],[] []model[] 
[]=[] []"ACVM"[][],[] [].parallel[] []=[] []TRUE[][])[][] 
 []

Package color Info: Redefining color shadecolor on input line 997.
[21 <./figure/plotMulticvm__echo_-1-1.pdf>]
<figure/loadsimSweep-1.pdf, id=363, 505.89pt x 216.81pt>
File: figure/loadsimSweep-1.pdf Graphic file (type pdf)

<use figure/loadsimSweep-1.pdf>
Package pdftex.def Info: figure/loadsimSweep-1.pdf used on input line 1002.
(pdftex.def)             Requested size: 419.75496pt x 179.8993pt.

Overfull \hbox (13.87491pt too wide) in paragraph at lines 1002--1003
[][] 
 []

Package color Info: Redefining color shadecolor on input line 1013.

Overfull \hbox (0.76651pt too wide) in paragraph at lines 1019--1020
[]\OT1/cmtt/m/it/9 ## Note: clustering candidate change points at 0 time units 
collapsed 6 candidate change
 []


Overfull \hbox (43.28966pt too wide) in paragraph at lines 1021--1021
\OT1/cmtt/m/n/9 ##  Some of your partitions are very small - probably too small
. You might consider re-clustering
 []

Package color Info: Redefining color shadecolor on input line 1035.

Overfull \hbox (0.76651pt too wide) in paragraph at lines 1041--1041
[]\OT1/cmtt/m/it/9 ## Note: clustering candidate change points at 4 time units 
collapsed 6 candidate change
 []

[22 <./figure/loadsimSweep-1.pdf>]
Package color Info: Redefining color shadecolor on input line 1059.
Package color Info: Redefining color shadecolor on input line 1075.

Overfull \hbox (10.21504pt too wide) in paragraph at lines 1077--1077
[][]\OT1/cmtt/m/n/9 getCPtable[][]([][]CPs[] []= CP.clustered,[] []Z[] []= Z,[]
 []T[] []= T,[] []modelset[] []=[] []c[][]([][]"UCVM"[][],[] []"ACVM"[][]),[]  
[]iterate[] []=[] []TRUE[][])[][] 
 []

Package color Info: Redefining color shadecolor on input line 1091.

Overfull \hbox (0.76651pt too wide) in paragraph at lines 1098--1099
[]\OT1/cmtt/m/it/9 ## Note: clustering candidate change points at 2 time units 
collapsed 6 candidate change
 []


Overfull \hbox (0.76651pt too wide) in paragraph at lines 1110--1111
[]\OT1/cmtt/m/it/9 ## Note: clustering candidate change points at 4 time units 
collapsed 6 candidate change
 []


Overfull \hbox (5.49147pt too wide) in paragraph at lines 1122--1123
[]\OT1/cmtt/m/it/9 ## Note: clustering candidate change points at 10 time units
 collapsed 6 candidate change
 []

[23]
Package color Info: Redefining color shadecolor on input line 1134.

Overfull \hbox (0.76651pt too wide) in paragraph at lines 1141--1142
[]\OT1/cmtt/m/it/9 ## Note: clustering candidate change points at 4 time units 
collapsed 6 candidate change
 []

Package color Info: Redefining color shadecolor on input line 1153.

Overfull \hbox (237.0124pt too wide) in paragraph at lines 1155--1155
[][]\OT1/cmtt/m/n/9 simSweep[] []%>%[] []findCandidateChangePoints[][]([][]clus
terwidth[] []=[] []10[][],[] []verbose[] []=[] []FALSE[][])[] []%>%[] []getCPta
ble[][]([][]Z[] []= Z,[] []T[] []= T,[] []modelset[] []=[][]"all"[][],[] []crit
erion[] []=[] []"AIC"[][])[][] 
 []

Package color Info: Redefining color shadecolor on input line 1172.
[24]
Package color Info: Redefining color shadecolor on input line 1194.
Package color Info: Redefining color shadecolor on input line 1208.
LaTeX Font Info:    Font shape `OMS/cmtt/bx/n' in size <9> not available
(Font)              Font shape `OMS/cmsy/b/n' tried instead on input line 1232.


Overfull \hbox (19.66493pt too wide) in paragraph at lines 1244--1244
[]\OT1/cmtt/m/n/9 ## Error in paste0(phaseTable$phase, ": ", phaseTable$model):
 object 'phaseTable' not found[] 
 []

<figure/SimPhasePlot-1.pdf, id=384, 505.89pt x 505.89pt>
File: figure/SimPhasePlot-1.pdf Graphic file (type pdf)

<use figure/SimPhasePlot-1.pdf>
Package pdftex.def Info: figure/SimPhasePlot-1.pdf used on input line 1271.
(pdftex.def)             Requested size: 419.75496pt x 419.76508pt.

Overfull \hbox (13.87491pt too wide) in paragraph at lines 1271--1272
[][] 
 []

[25]
Package color Info: Redefining color shadecolor on input line 1277.
Package color Info: Redefining color shadecolor on input line 1296.
 [26 <./figure/SimPhasePlot-1.pdf>]
<figure/subsetKestrel-1.pdf, id=400, 505.89pt x 289.08pt>
File: figure/subsetKestrel-1.pdf Graphic file (type pdf)

<use figure/subsetKestrel-1.pdf>
Package pdftex.def Info: figure/subsetKestrel-1.pdf used on input line 1329.
(pdftex.def)             Requested size: 419.75496pt x 239.86575pt.

Overfull \hbox (13.87491pt too wide) in paragraph at lines 1329--1330
[][] 
 []

[27 <./figure/subsetKestrel-1.pdf>]
Package color Info: Redefining color shadecolor on input line 1339.
Package color Info: Redefining color shadecolor on input line 1352.

<figure/plotKestrelSweep-1.pdf, id=414, 505.89pt x 216.81pt>
File: figure/plotKestrelSweep-1.pdf Graphic file (type pdf)

<use figure/plotKestrelSweep-1.pdf>
Package pdftex.def Info: figure/plotKestrelSweep-1.pdf used on input line 1357.

(pdftex.def)             Requested size: 419.75496pt x 179.8993pt.

Overfull \hbox (13.87491pt too wide) in paragraph at lines 1357--1358
[][] 
 []

Package color Info: Redefining color shadecolor on input line 1364.

Overfull \hbox (5.49147pt too wide) in paragraph at lines 1370--1370
[]\OT1/cmtt/m/it/9 ## Note: clustering candidate change points at 4 time units 
collapsed 38 candidate change
 []

Package color Info: Redefining color shadecolor on input line 1376.
Package color Info: Redefining color shadecolor on input line 1394.
[28 <./figure/plotKestrelSweep-1.pdf>]
Overfull \hbox (5.4901pt too wide) in paragraph at lines 1401--1401
[]\OT1/cmtt/m/n/9 ## Error in getPhases(k.CPtable, T = k$T, Z = Z, verbose = FA
LSE): could not find function
 []

Package color Info: Redefining color shadecolor on input line 1410.

Overfull \hbox (19.66493pt too wide) in paragraph at lines 1445--1445
[]\OT1/cmtt/m/n/9 ## Error in paste0(phaseTable$phase, ": ", phaseTable$model):
 object 'phaseTable' not found[] 
 []

<figure/kestrelMegaPlot-1.pdf, id=424, 505.89pt x 505.89pt>
File: figure/kestrelMegaPlot-1.pdf Graphic file (type pdf)

<use figure/kestrelMegaPlot-1.pdf>
Package pdftex.def Info: figure/kestrelMegaPlot-1.pdf used on input line 1472.
(pdftex.def)             Requested size: 419.75496pt x 419.76508pt.

Overfull \hbox (13.87491pt too wide) in paragraph at lines 1472--1473
[][] 
 []

[29] [30 <./figure/kestrelMegaPlot-1.pdf>]
Package atveryend Info: Empty hook `BeforeClearDocument' on input line 1515.
 [31]
Package atveryend Info: Empty hook `AfterLastShipout' on input line 1515.
 (smoove.aux)
Package atveryend Info: Executing hook `AtVeryEndDocument' on input line 1515.
Package atveryend Info: Executing hook `AtEndAfterFileList' on input line 1515.

Package rerunfilecheck Info: File `smoove.out' has not changed.
(rerunfilecheck)             Checksum: BBD15E7AD30AA93DE7C98A154E43740E;844.
Package atveryend Info: Empty hook `AtVeryVeryEnd' on input line 1515.
 )
(\end occurred inside a group at level 1)

### semi simple group (level 1) entered at line 93 (\begingroup)
### bottom level 
Here is how much of TeX's memory you used:
 6546 strings out of 493634
 95216 string characters out of 3143745
 195226 words of memory out of 3000000
 9747 multiletter control sequences out of 15000+200000
 15472 words of font info for 56 fonts, out of 3000000 for 9000
 1025 hyphenation exceptions out of 8191
 29i,14n,28p,579b,506s stack positions out of 5000i,500n,10000p,200000b,50000s
<C:/Program Files/MiKTeX 2.9/fonts/type1/public/amsfonts/cmextr
a/cmbsy9.pfb><C:/Program Files/MiKTeX 2.9/fonts/type1/public/amsfonts/cm/cmbx10
.pfb><C:/Program Files/MiKTeX 2.9/fonts/type1/public/amsfonts/cm/cmbx12.pfb><C:
/Program Files/MiKTeX 2.9/fonts/type1/public/amsfonts/cm/cmbx9.pfb><C:/Program 
Files/MiKTeX 2.9/fonts/type1/public/amsfonts/cmextra/cmex9.pfb><C:/Program File
s/MiKTeX 2.9/fonts/type1/public/amsfonts/cm/cmitt10.pfb><C:/Program Files/MiKTe
X 2.9/fonts/type1/public/amsfonts/cm/cmmi10.pfb><C:/Program Files/MiKTeX 2.9/fo
nts/type1/public/amsfonts/cm/cmmi5.pfb><C:/Program Files/MiKTeX 2.9/fonts/type1
/public/amsfonts/cm/cmmi6.pfb><C:/Program Files/MiKTeX 2.9/fonts/type1/public/a
msfonts/cm/cmmi7.pfb><C:/Program Files/MiKTeX 2.9/fonts/type1/public/amsfonts/c
m/cmmi9.pfb><C:/Program Files/MiKTeX 2.9/fonts/type1/public/amsfonts/cm/cmmib10
.pfb><C:/Program Files/MiKTeX 2.9/fonts/type1/public/amsfonts/cmextra/cmmib9.pf
b><C:/Program Files/MiKTeX 2.9/fonts/type1/public/amsfonts/cm/cmr10.pfb><C:/Pro
gram Files/MiKTeX 2.9/fonts/type1/public/amsfonts/cm/cmr12.pfb><C:/Program File
s/MiKTeX 2.9/fonts/type1/public/amsfonts/cm/cmr17.pfb><C:/Program Files/MiKTeX 
2.9/fonts/type1/public/amsfonts/cm/cmr6.pfb><C:/Program Files/MiKTeX 2.9/fonts/
type1/public/amsfonts/cm/cmr9.pfb><C:/Program Files/MiKTeX 2.9/fonts/type1/publ
ic/amsfonts/cm/cmsy6.pfb><C:/Program Files/MiKTeX 2.9/fonts/type1/public/amsfon
ts/cm/cmsy9.pfb><C:/Program Files/MiKTeX 2.9/fonts/type1/public/amsfonts/cm/cmt
i9.pfb><C:/Program Files/MiKTeX 2.9/fonts/type1/public/amsfonts/cm/cmtt12.pfb><
C:/Program Files/MiKTeX 2.9/fonts/type1/public/amsfonts/cm/cmtt8.pfb><C:/Progra
m Files/MiKTeX 2.9/fonts/type1/public/amsfonts/cm/cmtt9.pfb>
Output written on smoove.pdf (31 pages, 2469233 bytes).
PDF statistics:
 547 PDF objects out of 1000 (max. 8388607)
 75 named destinations out of 1000 (max. 500000)
 215 words of extra memory for PDF output out of 10000 (max. 10000000)

